<?xml version="1.0" encoding="UTF-8"?>
<testng-results ignored="0" total="3" passed="3" failed="0" skipped="0">
  <reporter-output>
  </reporter-output>
  <suite started-at="2023-11-08T21:15:18 EET" name="STC" finished-at="2023-11-08T21:18:30 EET" duration-ms="191676">
    <groups>
      <group name="cucumber">
        <method signature="AbstractTestNGCucumberTests.runScenario(io.cucumber.testng.PickleWrapper,io.cucumber.testng.FeatureWrapper)[pri:0, instance:Runner.Runner@67c27493]" name="runScenario" class="io.cucumber.testng.AbstractTestNGCucumberTests"/>
      </group> <!-- cucumber -->
    </groups>
    <test started-at="2023-11-08T21:15:18 EET" name="Subscribe" finished-at="2023-11-08T21:18:30 EET" duration-ms="191676">
      <class name="Runner.Runner">
        <test-method is-config="true" signature="setUpClass(org.testng.ITestContext)[pri:0, instance:Runner.Runner@67c27493]" started-at="2023-11-08T21:15:18 EET" name="setUpClass" finished-at="2023-11-08T21:15:19 EET" duration-ms="1112" status="PASS">
          <params>
            <param index="0">
              <value>
                <![CDATA[org.testng.TestRunner@339a3670]]>
              </value>
            </param>
          </params>
          <reporter-output>
          </reporter-output>
        </test-method> <!-- setUpClass -->
        <test-method signature="runScenario(io.cucumber.testng.PickleWrapper,io.cucumber.testng.FeatureWrapper)[pri:0, instance:Runner.Runner@67c27493]" started-at="2023-11-08T21:15:19 EET" name="runScenario" description="Runs Cucumber Scenarios" data-provider="scenarios" finished-at="2023-11-08T21:17:25 EET" duration-ms="125424" status="PASS">
          <params>
            <param index="0">
              <value>
                <![CDATA["Validate the Subscription Packages – Type & Price and Currency for all Countries"]]>
              </value>
            </param>
            <param index="1">
              <value>
                <![CDATA["Subscribe"]]>
              </value>
            </param>
          </params>
          <reporter-output>
          </reporter-output>
        </test-method> <!-- runScenario -->
        <test-method signature="runScenario(io.cucumber.testng.PickleWrapper,io.cucumber.testng.FeatureWrapper)[pri:0, instance:Runner.Runner@67c27493]" started-at="2023-11-08T21:17:25 EET" name="runScenario" description="Runs Cucumber Scenarios" data-provider="scenarios" finished-at="2023-11-08T21:18:10 EET" duration-ms="45162" status="PASS">
          <params>
            <param index="0">
              <value>
                <![CDATA["Validate the Subscription Packages – Type & Price and Currency for all Countries"]]>
              </value>
            </param>
            <param index="1">
              <value>
                <![CDATA["Subscribe"]]>
              </value>
            </param>
          </params>
          <reporter-output>
          </reporter-output>
        </test-method> <!-- runScenario -->
        <test-method signature="runScenario(io.cucumber.testng.PickleWrapper,io.cucumber.testng.FeatureWrapper)[pri:0, instance:Runner.Runner@67c27493]" started-at="2023-11-08T21:18:10 EET" name="runScenario" description="Runs Cucumber Scenarios" data-provider="scenarios" finished-at="2023-11-08T21:18:29 EET" duration-ms="19783" status="PASS">
          <params>
            <param index="0">
              <value>
                <![CDATA["Validate the Subscription Packages – Type & Price and Currency for all Countries"]]>
              </value>
            </param>
            <param index="1">
              <value>
                <![CDATA["Subscribe"]]>
              </value>
            </param>
          </params>
          <reporter-output>
          </reporter-output>
        </test-method> <!-- runScenario -->
        <test-method is-config="true" signature="tearDownClass()[pri:0, instance:Runner.Runner@67c27493]" started-at="2023-11-08T21:18:30 EET" name="tearDownClass" finished-at="2023-11-08T21:18:30 EET" duration-ms="113" status="PASS">
          <reporter-output>
          </reporter-output>
        </test-method> <!-- tearDownClass -->
      </class> <!-- Runner.Runner -->
    </test> <!-- Subscribe -->
  </suite> <!-- STC -->
</testng-results>
